Arguments: 
  /home/jack/.nvm/versions/node/v16.7.0/bin/node /home/jack/.nvm/versions/node/v16.7.0/bin/yarn

PATH: 
  /tmp/yarn--1636485443094-0.4747923874406974:/home/jack/Projects/printh/node_modules/.bin:/home/jack/.config/yarn/link/node_modules/.bin:/home/jack/.yarn/bin:/home/jack/.nvm/versions/node/v16.7.0/libexec/lib/node_modules/npm/bin/node-gyp-bin:/home/jack/.nvm/versions/node/v16.7.0/lib/node_modules/npm/bin/node-gyp-bin:/home/jack/.nvm/versions/node/v16.7.0/bin/node_modules/npm/bin/node-gyp-bin:~/.gradle/gradle-6.7/bin:~/.jdks/openjdk-15/bin:/home/jack/.nvm/versions/node/v16.7.0/bin:/home/jack/.deno/bin:/home/jack/.pyenv/shims:/home/jack/.pyenv/bin/:/home/jack/.pyenv/shims/:/home/jack/Projects/printh/node_modules/.bin:/home/jack/.cargo/bin:/usr/local/sbin:/usr/local/bin:/usr/sbin:/usr/bin:/sbin:/bin:/usr/games:/usr/local/games:/snap/bin

Yarn version: 
  1.22.17

Node version: 
  16.7.0

Platform: 
  linux x64

Trace: 
  Error: ENOENT: no such file or directory, copyfile '/home/jack/.cache/yarn/v6/npm-glob-parent-6.0.2-6d237d99083950c79290f24c7642a3de9a28f9e3-integrity/node_modules/glob-parent/LICENSE' -> '/home/jack/Projects/printh/client/node_modules/tailwindcss/node_modules/glob-parent/LICENSE'

npm manifest: 
  {
    "name": "svelte-app",
    "version": "1.0.0",
    "private": true,
    "scripts": {
      "build": "rollup -c",
      "dev": "rollup -c -w",
      "start": "sirv public --no-clear",
      "check": "svelte-check --tsconfig ./tsconfig.json"
    },
    "devDependencies": {
      "@rollup/plugin-alias": "^3.1.8",
      "@rollup/plugin-commonjs": "^17.0.0",
      "@rollup/plugin-node-resolve": "^11.0.0",
      "@rollup/plugin-typescript": "^8.0.0",
      "@tsconfig/svelte": "^2.0.0",
      "autoprefixer": "^10.4.0",
      "postcss": "^8.3.11",
      "rollup": "^2.3.4",
      "rollup-plugin-css-only": "^3.1.0",
      "rollup-plugin-livereload": "^2.0.0",
      "rollup-plugin-svelte": "^7.0.0",
      "rollup-plugin-terser": "^7.0.0",
      "svelte": "^3.0.0",
      "svelte-check": "^2.0.0",
      "svelte-preprocess": "^4.0.0",
      "tailwindcss": "^2.2.19",
      "tslib": "^2.0.0",
      "typescript": "^4.0.0"
    },
    "dependencies": {
      "postcss-load-config": "^3.1.0",
      "sirv-cli": "^1.0.0"
    }
  }

yarn manifest: 
  No manifest

Lockfile: 
  No lockfile
